Log file open, 12/11/18 09:02:53
LogWindows: Failed to load 'aqProf.dll' (GetLastError=126)
LogWindows: File 'aqProf.dll' does not exist
LogWindows: Failed to load 'VtuneApi.dll' (GetLastError=126)
LogWindows: File 'VtuneApi.dll' does not exist
LogWindows: Failed to load 'VtuneApi32e.dll' (GetLastError=126)
LogWindows: File 'VtuneApi32e.dll' does not exist
LogInit: Display: Running engine for game: Andre
LogInit: Display: Project file not found: ../../../Andre/Andre.uproject
LogInit: Display: 	Attempting to find via project info helper.
LogUProjectInfo: Found projects:
LogPakFile: Display: Found Pak file ../../../Andre/Content/Paks/Andre-WindowsNoEditor.pak attempting to mount.
LogPakFile: Display: Mounting pak file ../../../Andre/Content/Paks/Andre-WindowsNoEditor.pak.
LogPlatformFile: Not using cached read wrapper
LogTaskGraph: Started task graph with 5 named threads and 17 total threads with 3 sets of task threads.
LogStats: Stats thread started at 1.577361
LogD3D11RHI: Loaded GFSDK_Aftermath_Lib.x64.dll
LogICUInternationalization: Display: ICU TimeZone Detection - Raw Offset: -3:00, Platform Override: ''
LogPluginManager: Mounting plugin Paper2D
LogPluginManager: Mounting plugin AISupport
LogPluginManager: Mounting plugin LightPropagationVolume
LogPluginManager: Mounting plugin AssetManagerEditor
LogPluginManager: Mounting plugin CryptoKeys
LogPluginManager: Mounting plugin FacialAnimation
LogPluginManager: Mounting plugin MeshEditor
LogPluginManager: Mounting plugin EditableMesh
LogPluginManager: Mounting plugin DatasmithContent
LogPluginManager: Mounting plugin AlembicImporter
LogPluginManager: Mounting plugin GeometryCache
LogPluginManager: Mounting plugin AppleImageUtils
LogPluginManager: Mounting plugin AppleVision
LogPluginManager: Mounting plugin BackChannel
LogPluginManager: Mounting plugin CharacterAI
LogPluginManager: Mounting plugin HTML5Networking
LogPluginManager: Mounting plugin AvfMedia
LogPluginManager: Mounting plugin ImgMedia
LogPluginManager: Mounting plugin LinearTimecode
LogPluginManager: Mounting plugin MediaCompositing
LogPluginManager: Mounting plugin WmfMedia
LogPluginManager: Mounting plugin TcpMessaging
LogPluginManager: Mounting plugin UdpMessaging
LogPluginManager: Mounting plugin ActorSequence
LogPluginManager: Mounting plugin NetcodeUnitTest
LogPluginManager: Mounting plugin NUTUnrealEngine4
LogPluginManager: Mounting plugin OnlineSubsystem
LogPluginManager: Mounting plugin OnlineSubsystemNull
LogPluginManager: Mounting plugin OnlineSubsystemUtils
LogPluginManager: Mounting plugin LauncherChunkInstaller
LogPluginManager: Mounting plugin AndroidPermission
LogPluginManager: Mounting plugin ArchVisCharacter
LogPluginManager: Mounting plugin AudioCapture
LogPluginManager: Mounting plugin CableComponent
LogPluginManager: Mounting plugin CustomMeshComponent
LogPluginManager: Mounting plugin ExampleDeviceProfileSelector
LogPluginManager: Mounting plugin ImmediatePhysics
LogPluginManager: Mounting plugin LocationServicesBPLibrary
LogPluginManager: Mounting plugin MobilePatchingUtils
LogPluginManager: Mounting plugin OculusVR
LogPluginManager: Mounting plugin ProceduralMeshComponent
LogPluginManager: Mounting plugin PhysXVehicles
LogPluginManager: Mounting plugin RuntimePhysXCooking
LogPluginManager: Mounting plugin SteamVR
LogPluginManager: Mounting plugin WindowsMoviePlayer
LogStreaming: Display: Took  0.244s to configure plugins.
LogInit: Using libcurl 7.55.1-DEV
LogInit:  - built for x86_64-pc-win32
LogInit:  - supports SSL with OpenSSL/1.0.2h
LogInit:  - supports HTTP deflate (compression) using libz 1.2.8
LogInit:  - other features:
LogInit:      CURL_VERSION_SSL
LogInit:      CURL_VERSION_LIBZ
LogInit:      CURL_VERSION_IPV6
LogInit:      CURL_VERSION_ASYNCHDNS
LogInit:      CURL_VERSION_LARGEFILE
LogInit:      CURL_VERSION_IDN
LogInit:  CurlRequestOptions (configurable via config and command line):
LogInit:  - bVerifyPeer = false  - Libcurl will NOT verify peer certificate
LogInit:  - bUseHttpProxy = false  - Libcurl will NOT use HTTP proxy
LogInit:  - bDontReuseConnections = false  - Libcurl will reuse connections
LogInit:  - CertBundlePath = nullptr  - Libcurl will use whatever was configured at build time.
LogInit:  - MaxHostConnections = 16  - Libcurl will limit the number of connections to a host
LogInit:  - LocalHostAddr = Default
LogInit:  - BufferSize = 65536
LogInit: WinSock: version 1.1 (2.2), MaxSocks=32767, MaxUdp=65467
LogInit: Build: ++UE4+Release-4.20-CL-4369336
LogInit: Engine Version: 4.20.3-4369336+++UE4+Release-4.20
LogInit: Compatible Engine Version: 4.20.0-4212847+++UE4+Release-4.20
LogInit: Net CL: 4212847
LogInit: OS: Windows 7 (Service Pack 1), CPU: AMD FX(tm)-6300 Six-Core Processor             , GPU: NVIDIA GeForce GTX 1060 6GB
LogInit: Compiled (64-bit): Sep 17 2018 12:36:23
LogInit: Compiled with Visual C++: 19.00.24215.01
LogInit: Build Configuration: Development
LogInit: Branch Name: ++UE4+Release-4.20
LogInit: Command Line:  
LogInit: Base Directory: C:/Users/Gabriel/Desktop/ProjetoAndre/WindowsNoEditor/Engine/Binaries/Win64/
LogInit: Installed Engine Build: 0
LogDevObjectVersion: Number of dev versions registered: 20
LogDevObjectVersion:   Dev-Blueprints (B0D832E4-1F89-4F0D-ACCF-7EB736FD4AA2): 10
LogDevObjectVersion:   Dev-Build (E1C64328-A22C-4D53-A36C-8E866417BD8C): 0
LogDevObjectVersion:   Dev-Core (375EC13C-06E4-48FB-B500-84F0262A717E): 2
LogDevObjectVersion:   Dev-Editor (E4B068ED-F494-42E9-A231-DA0B2E46BB41): 24
LogDevObjectVersion:   Dev-Framework (CFFC743F-43B0-4480-9391-14DF171D2073): 34
LogDevObjectVersion:   Dev-Mobile (B02B49B5-BB20-44E9-A304-32B752E40360): 2
LogDevObjectVersion:   Dev-Networking (A4E4105C-59A1-49B5-A7C5-40C4547EDFEE): 0
LogDevObjectVersion:   Dev-Online (39C831C9-5AE6-47DC-9A44-9C173E1C8E7C): 0
LogDevObjectVersion:   Dev-Physics (78F01B33-EBEA-4F98-B9B4-84EACCB95AA2): 0
LogDevObjectVersion:   Dev-Platform (6631380F-2D4D-43E0-8009-CF276956A95A): 0
LogDevObjectVersion:   Dev-Rendering (12F88B9F-8875-4AFC-A67C-D90C383ABD29): 26
LogDevObjectVersion:   Dev-Sequencer (7B5AE74C-D270-4C10-A958-57980B212A5A): 9
LogDevObjectVersion:   Dev-VR (D7296918-1DD6-4BDD-9DE2-64A83CC13884): 2
LogDevObjectVersion:   Dev-LoadTimes (C2A15278-BFE7-4AFE-6C17-90FF531DF755): 1
LogDevObjectVersion:   Private-Geometry (6EACA3D4-40EC-4CC1-B786-8BED09428FC5): 3
LogDevObjectVersion:   Dev-AnimPhys (29E575DD-E0A3-4627-9D10-D276232CDCEA): 17
LogDevObjectVersion:   Dev-ReflectionCapture (6B266CEC-1EC7-4B8F-A30B-E4D90942FC07): 1
LogDevObjectVersion:   Dev-Automation (0DF73D61-A23F-47EA-B727-89E90C41499A): 1
LogDevObjectVersion:   FortniteMain (601D1886-AC64-4F84-AA16-D3DE0DEAC7D6): 12
LogDevObjectVersion:   Dev-Enterprise (9DFFBCD6-494F-0158-E221-12823C92A888): 1
LogStreaming: Display: Took  0.005s to delete old logs.
LogInit: Presizing for max 2097152 objects, including 0 objects not considered by GC, pre-allocating 0 bytes for permanent pool.
LogStreaming: Display: Async Loading initialized: Event Driven Loader: true, Async Loading Thread: false, Async Post Load: true
LogInit: Object subsystem initialized
[2018.12.11-11.02.54:142][  0]LogInit: Selected Device Profile: [WindowsNoEditor]
[2018.12.11-11.02.54:156][  0]LogInit: Applying CVar settings loaded from the selected device profile: [WindowsNoEditor]
[2018.12.11-11.02.54:173][  0]LogHAL: Display: Platform has ~ 16 GB [17075904512 / 17179869184 / 16], which maps to Larger [LargestMinGB=32, LargerMinGB=12, DefaultMinGB=8, SmallerMinGB=6, SmallestMinGB=0)
[2018.12.11-11.02.54:173][  0]LogInit: Going up to parent DeviceProfile [Windows]
[2018.12.11-11.02.54:173][  0]LogInit: Setting Device Profile CVar: [[r.Vulkan.UseRealUBs:1]]
[2018.12.11-11.02.54:173][  0]LogInit: Going up to parent DeviceProfile []
[2018.12.11-11.02.54:191][  0]LogInit: Computer: CAMELO-V2
[2018.12.11-11.02.54:191][  0]LogInit: User: Gabriel
[2018.12.11-11.02.54:191][  0]LogInit: CPU Page size=4096, Cores=3
[2018.12.11-11.02.54:191][  0]LogInit: High frequency timer resolution =3.429492 MHz
[2018.12.11-11.02.54:191][  0]LogMemory: Memory total: Physical=15.9GB (16GB approx)
[2018.12.11-11.02.54:191][  0]LogMemory: Platform Memory Stats for WindowsNoEditor
[2018.12.11-11.02.54:191][  0]LogMemory: Process Physical Memory: 54.78 MB used, 54.78 MB peak
[2018.12.11-11.02.54:191][  0]LogMemory: Process Virtual Memory: 66.32 MB used, 66.32 MB peak
[2018.12.11-11.02.54:191][  0]LogMemory: Physical Memory: 5325.38 MB used,  10959.47 MB free, 16284.85 MB total
[2018.12.11-11.02.54:191][  0]LogMemory: Virtual Memory: 281.30 MB used,  10959.47 MB free, 8388608.00 MB total
[2018.12.11-11.02.54:748][  0]LogInit: Using OS detected language (pt-BR).
[2018.12.11-11.02.54:748][  0]LogInit: Using OS detected locale (pt-BR).
[2018.12.11-11.02.54:763][  0]LogTextLocalizationManager: No localization for 'pt-BR' exists, so 'en' will be used for the language.
[2018.12.11-11.02.54:764][  0]LogTextLocalizationManager: No localization for 'pt-BR' exists, so 'en' will be used for the locale.
[2018.12.11-11.02.54:832][  0]LogStreaming: Display: Took  0.085s to InitEngineTextLocalization.
[2018.12.11-11.02.55:058][  0]LogSlate: New Slate User Created.  User Index 0, Is Virtual User: 0
[2018.12.11-11.02.55:058][  0]LogSlate: Slate User Registered.  User Index 0, Is Virtual User: 0
[2018.12.11-11.02.55:090][  0]LogHMD: Failed to initialize OpenVR with code 110
[2018.12.11-11.02.55:101][  0]LogD3D11RHI: D3D11 adapters:
[2018.12.11-11.02.55:180][  0]LogD3D11RHI:    0. 'NVIDIA GeForce GTX 1060 6GB' (Feature Level 11_0)
[2018.12.11-11.02.55:180][  0]LogD3D11RHI:       6036/0/7886 MB DedicatedVideo/DedicatedSystem/SharedSystem, Outputs:1, VendorId:0x10de
[2018.12.11-11.02.55:180][  0]LogD3D11RHI: Chosen D3D11 Adapter: 0
[2018.12.11-11.02.55:203][  0]LogD3D11RHI: Creating new Direct3DDevice
[2018.12.11-11.02.55:204][  0]LogD3D11RHI:     GPU DeviceId: 0x1c03 (for the marketing name, search the web for "GPU Device Id")
[2018.12.11-11.02.55:204][  0]LogWindows: EnumDisplayDevices:
[2018.12.11-11.02.55:204][  0]LogWindows:    0. 'NVIDIA GeForce GTX 1060 6GB' (P:1 D:1)
[2018.12.11-11.02.55:204][  0]LogWindows:    1. 'NVIDIA GeForce GTX 1060 6GB' (P:0 D:0)
[2018.12.11-11.02.55:204][  0]LogWindows:    2. 'NVIDIA GeForce GTX 1060 6GB' (P:0 D:0)
[2018.12.11-11.02.55:205][  0]LogWindows:    3. 'NVIDIA GeForce GTX 1060 6GB' (P:0 D:0)
[2018.12.11-11.02.55:205][  0]LogWindows:    4. 'RDPDD Chained DD' (P:0 D:0)
[2018.12.11-11.02.55:205][  0]LogWindows:    5. 'RDP Encoder Mirror Driver' (P:0 D:0)
[2018.12.11-11.02.55:205][  0]LogWindows:    6. 'RDP Reflector Display Driver' (P:0 D:0)
[2018.12.11-11.02.55:205][  0]LogWindows: DebugString: GetVideoDriverDetailsInvalid PrimaryIsNotTheChoosenAdapter GetVideoDriverDetailsInvalid PrimaryIsNotTheChoosenAdapter GetVideoDriverDetailsInvalid PrimaryIsNotTheChoosenAdapter FoundDriverCount:4 
[2018.12.11-11.02.55:205][  0]LogD3D11RHI:     Adapter Name: NVIDIA GeForce GTX 1060 6GB
[2018.12.11-11.02.55:205][  0]LogD3D11RHI:   Driver Version: 416.94 (internal:25.21.14.1694, unified:416.94)
[2018.12.11-11.02.55:205][  0]LogD3D11RHI:      Driver Date: 11-12-2018
[2018.12.11-11.02.55:205][  0]LogRHI: Texture pool is 4225 MB (70% of 6036 MB)
[2018.12.11-11.02.55:251][  0]LogD3D11RHI: Async texture creation enabled
[2018.12.11-11.02.55:491][  0]LogD3D11RHI: GPU Timing Frequency: 1000.000000 (Debug: 2 2)
[2018.12.11-11.02.55:534][  0]LogShaderLibrary: Display: Failed to load Shared Shader Library: Global and no native library supported.
[2018.12.11-11.02.55:534][  0]LogShaderLibrary: Display: Failed to load Shared Shader Library: Global_SC and no native library supported.
[2018.12.11-11.02.55:534][  0]LogShaderLibrary: Display: Failed to load Shared Shader Library: Paper2D and no native library supported.
[2018.12.11-11.02.55:534][  0]LogShaderLibrary: Display: Failed to load Shared Shader Library: Paper2D_SC and no native library supported.
[2018.12.11-11.02.55:534][  0]LogShaderLibrary: Display: Failed to load Shared Shader Library: Paper2D and no native library supported.
[2018.12.11-11.02.55:534][  0]LogShaderLibrary: Display: Failed to load Shared Shader Library: Paper2D_SC and no native library supported.
[2018.12.11-11.02.55:534][  0]LogShaderLibrary: Display: Failed to load Shared Shader Library: CryptoKeys and no native library supported.
[2018.12.11-11.02.55:534][  0]LogShaderLibrary: Display: Failed to load Shared Shader Library: CryptoKeys_SC and no native library supported.
[2018.12.11-11.02.55:534][  0]LogShaderLibrary: Display: Failed to load Shared Shader Library: CryptoKeys and no native library supported.
[2018.12.11-11.02.55:534][  0]LogShaderLibrary: Display: Failed to load Shared Shader Library: CryptoKeys_SC and no native library supported.
[2018.12.11-11.02.55:534][  0]LogShaderLibrary: Display: Failed to load Shared Shader Library: MeshEditor and no native library supported.
[2018.12.11-11.02.55:535][  0]LogShaderLibrary: Display: Failed to load Shared Shader Library: MeshEditor_SC and no native library supported.
[2018.12.11-11.02.55:535][  0]LogShaderLibrary: Display: Failed to load Shared Shader Library: MeshEditor and no native library supported.
[2018.12.11-11.02.55:535][  0]LogShaderLibrary: Display: Failed to load Shared Shader Library: MeshEditor_SC and no native library supported.
[2018.12.11-11.02.55:535][  0]LogShaderLibrary: Display: Failed to load Shared Shader Library: DatasmithContent and no native library supported.
[2018.12.11-11.02.55:535][  0]LogShaderLibrary: Display: Failed to load Shared Shader Library: DatasmithContent_SC and no native library supported.
[2018.12.11-11.02.55:535][  0]LogShaderLibrary: Display: Failed to load Shared Shader Library: DatasmithContent and no native library supported.
[2018.12.11-11.02.55:535][  0]LogShaderLibrary: Display: Failed to load Shared Shader Library: DatasmithContent_SC and no native library supported.
[2018.12.11-11.02.55:535][  0]LogShaderLibrary: Display: Failed to load Shared Shader Library: MediaCompositing and no native library supported.
[2018.12.11-11.02.55:535][  0]LogShaderLibrary: Display: Failed to load Shared Shader Library: MediaCompositing_SC and no native library supported.
[2018.12.11-11.02.55:535][  0]LogShaderLibrary: Display: Failed to load Shared Shader Library: MediaCompositing and no native library supported.
[2018.12.11-11.02.55:535][  0]LogShaderLibrary: Display: Failed to load Shared Shader Library: MediaCompositing_SC and no native library supported.
[2018.12.11-11.02.55:535][  0]LogShaderLibrary: Display: Failed to load Shared Shader Library: OculusVR and no native library supported.
[2018.12.11-11.02.55:535][  0]LogShaderLibrary: Display: Failed to load Shared Shader Library: OculusVR_SC and no native library supported.
[2018.12.11-11.02.55:535][  0]LogShaderLibrary: Display: Failed to load Shared Shader Library: OculusVR and no native library supported.
[2018.12.11-11.02.55:536][  0]LogShaderLibrary: Display: Failed to load Shared Shader Library: OculusVR_SC and no native library supported.
[2018.12.11-11.02.55:536][  0]LogShaderLibrary: Display: Failed to load Shared Shader Library: SteamVR and no native library supported.
[2018.12.11-11.02.55:536][  0]LogShaderLibrary: Display: Failed to load Shared Shader Library: SteamVR_SC and no native library supported.
[2018.12.11-11.02.55:536][  0]LogShaderLibrary: Display: Failed to load Shared Shader Library: SteamVR and no native library supported.
[2018.12.11-11.02.55:536][  0]LogShaderLibrary: Display: Failed to load Shared Shader Library: SteamVR_SC and no native library supported.
[2018.12.11-11.02.55:536][  0]LogRHI: Display: Failed to open default shader pipeline cache for Andre using shader platform 0.
[2018.12.11-11.02.55:536][  0]LogRHI: Display: Failed to open default shader pipeline cache for Andre using shader platform 0.
[2018.12.11-11.02.55:736][  0]LogMaterial: Verifying Global Shaders for PCD3D_SM5
[2018.12.11-11.02.55:849][  0]LogSlate: Using FreeType 2.6.0
[2018.12.11-11.02.55:900][  0]LogSlate: SlateFontServices - WITH_FREETYPE: 1, WITH_HARFBUZZ: 1
[2018.12.11-11.02.56:156][  0]LogShaderLibrary: Display: Failed to load Shared Shader Library: Andre and no native library supported.
[2018.12.11-11.02.56:156][  0]LogShaderLibrary: Display: Failed to load Shared Shader Library: Andre_SC and no native library supported.
[2018.12.11-11.02.56:165][  0]LogRHI: Display: Failed to open default shader pipeline cache for Andre using shader platform 0.
[2018.12.11-11.02.56:165][  0]LogShaderLibrary: Display: Failed to load Shared Shader Library: Andre and no native library supported.
[2018.12.11-11.02.56:165][  0]LogShaderLibrary: Display: Failed to load Shared Shader Library: Andre_SC and no native library supported.
[2018.12.11-11.02.56:165][  0]LogRHI: Display: Failed to open default shader pipeline cache for Andre using shader platform 0.
[2018.12.11-11.02.56:165][  0]LogInit: Using OS detected language (pt-BR).
[2018.12.11-11.02.56:165][  0]LogInit: Using OS detected locale (pt-BR).
[2018.12.11-11.02.56:165][  0]LogTextLocalizationManager: No localization for 'pt-BR' exists, so 'en' will be used for the language.
[2018.12.11-11.02.56:165][  0]LogTextLocalizationManager: No localization for 'pt-BR' exists, so 'en' will be used for the locale.
[2018.12.11-11.02.56:166][  0]LogStreaming: Display: Took  0.001s to InitGameTextLocalization.
[2018.12.11-11.02.56:237][  0]LogAssetRegistry: FAssetRegistry took 0.0445 seconds to start up
[2018.12.11-11.02.57:084][  0]LogStreaming: Display: Flushing async loaders.
[2018.12.11-11.02.57:143][  0]LogPackageLocalizationCache: Processed 9 localized package path(s) for 1 prioritized culture(s) in 0.018811 seconds
[2018.12.11-11.02.57:150][  0]LogPakFile: New pak file ../../../Andre/Content/Paks/Andre-WindowsNoEditor.pak added to pak precacher.
[2018.12.11-11.02.57:239][  0]LogInit: Selected Device Profile: [WindowsNoEditor]
[2018.12.11-11.02.57:473][  0]LogNetVersion: Andre 1.0.0, NetCL: 4212847, EngineNetVer: 5, GameNetVer: 0 (Checksum: 2423556856)
[2018.12.11-11.02.58:892][  0]LogMoviePlayer: Initializing movie player
[2018.12.11-11.02.59:147][  0]LogAndroidPermission: UAndroidPermissionCallbackProxy::GetInstance
[2018.12.11-11.02.59:147][  0]LogOcInput: OculusInput pre-init called
[2018.12.11-11.02.59:168][  0]LogUObjectArray: 33875 objects as part of root set at end of initial load.
[2018.12.11-11.02.59:168][  0]LogUObjectAllocator: 5085280 out of 0 bytes used by permanent object pool.
[2018.12.11-11.02.59:168][  0]LogUObjectArray: CloseDisregardForGC: 0/0 objects in disregard for GC pool
[2018.12.11-11.02.59:236][  0]LogEngine: Initializing Engine...
[2018.12.11-11.02.59:259][  0]LogHMD: Failed to initialize OpenVR with code 110
[2018.12.11-11.02.59:331][  0]LogStats: UGameplayTagsManager::ConstructGameplayTagTree: ImportINI prefixes -  0.000 s
[2018.12.11-11.02.59:331][  0]LogStats: UGameplayTagsManager::ConstructGameplayTagTree: Construct from data asset -  0.000 s
[2018.12.11-11.02.59:331][  0]LogStats: UGameplayTagsManager::ConstructGameplayTagTree: ImportINI -  0.000 s
[2018.12.11-11.02.59:331][  0]LogStats: UGameplayTagsManager::ConstructGameplayTagTree: GameplayTagTreeChangedEvent.Broadcast -  0.000 s
[2018.12.11-11.02.59:653][  0]LogInit: Initializing FReadOnlyCVARCache
[2018.12.11-11.02.59:870][  0]LogInit: XAudio2 using 'Alto-falantes (USB Audio Device)' : 2 channels at 44.1 kHz using 16 bits per sample (channel mask 0x3)
[2018.12.11-11.02.59:964][  0]LogInit: FAudioDevice initialized.
[2018.12.11-11.02.59:978][  0]LogNetVersion: Set ProjectVersion to 1.0.0.0. Version Checksum will be recalculated on next use.
[2018.12.11-11.02.59:978][  0]LogInit: Texture streaming: Enabled
[2018.12.11-11.03.00:227][  0]LogSlate: Updating window title bar state: overlay mode, drag disabled, window buttons hidden, title bar hidden
[2018.12.11-11.03.00:237][  0]LogInit: Display: Game Engine Initialized.
[2018.12.11-11.03.00:237][  0]LogGameplayTags: Display: UGameplayTagsManager::DoneAddingNativeTags. DelegateIsBound: 0
[2018.12.11-11.03.00:237][  0]LogStats: UGameplayTagsManager::ConstructGameplayTagTree: ImportINI prefixes -  0.000 s
[2018.12.11-11.03.00:237][  0]LogStats: UGameplayTagsManager::ConstructGameplayTagTree: Construct from data asset -  0.000 s
[2018.12.11-11.03.00:238][  0]LogStats: UGameplayTagsManager::ConstructGameplayTagTree: ImportINI -  0.000 s
[2018.12.11-11.03.00:238][  0]LogStats: UGameplayTagsManager::ConstructGameplayTagTree: GameplayTagTreeChangedEvent.Broadcast -  0.000 s
[2018.12.11-11.03.00:256][  0]LogInit: Display: Starting Game.
[2018.12.11-11.03.00:256][  0]LogNet: Browse: /Game/FirstPersonBP/Maps/MainMenuMap?Name=Player
[2018.12.11-11.03.00:265][  0]LogLoad: LoadMap: /Game/FirstPersonBP/Maps/MainMenuMap?Name=Player
[2018.12.11-11.03.00:907][  0]LogAIModule: Creating AISystem for world MainMenuMap
[2018.12.11-11.03.00:928][  0]LogLoad: Game class is 'FirstPersonMenuMode_C'
[2018.12.11-11.03.01:025][  0]LogWorld: Bringing World /Game/FirstPersonBP/Maps/MainMenuMap.MainMenuMap up for play (max tick rate 0) at 2018.12.11-09.03.01
[2018.12.11-11.03.01:025][  0]LogWorld: Bringing up level for play took: 0.086341
[2018.12.11-11.03.01:301][  0]LogUMG: Display: Widget Class HUD_C - Loaded Fast Template.
[2018.12.11-11.03.01:359][  0]LogUMG: Display: Widget Class MainMenuWidget_C - Loaded Fast Template.
[2018.12.11-11.03.01:378][  0]LogLoad: Took 1.113150 seconds to LoadMap(/Game/FirstPersonBP/Maps/MainMenuMap)
[2018.12.11-11.03.01:491][  0]LogSlate: Took 0.061952 seconds to synchronously load lazily loaded font '../../../Engine/Content/EngineFonts/Faces/RobotoBold.ufont' (160K)
[2018.12.11-11.03.01:615][  0]LogRenderer: Reallocating scene render targets to support 1920x1080 Format 10 NumSamples 1 (Frame:1).
[2018.12.11-11.03.01:615][  0]LogLoad: (Engine Initialization) Total time: 11.13 seconds
[2018.12.11-11.03.01:845][  0]LogContentStreaming: Texture pool size now 1000 MB
[2018.12.11-11.03.03:596][ 97]LogSlate: FSceneViewport::OnFocusLost() reason 0
[2018.12.11-11.03.03:677][102]LogNet: Browse: /Game/FirstPersonBP/Maps/FirstPersonExampleMap
[2018.12.11-11.03.03:677][102]LogLoad: LoadMap: /Game/FirstPersonBP/Maps/FirstPersonExampleMap
[2018.12.11-11.03.03:779][102]LogStreaming: Display: Flushing async loaders.
[2018.12.11-11.03.04:442][102]LogModelComponent: Model /Game/FirstPersonBP/Maps/FirstPersonExampleMap.FirstPersonExampleMap:PersistentLevel.ModelComponent_2 has elements that reference missing vertices. MaxVertex=3, NumVertices=0
[2018.12.11-11.03.04:442][102]LogModelComponent: Model /Game/FirstPersonBP/Maps/FirstPersonExampleMap.FirstPersonExampleMap:PersistentLevel.ModelComponent_2 has elements that reference missing vertices. MaxVertex=7, NumVertices=0
[2018.12.11-11.03.04:442][102]LogModelComponent: Model /Game/FirstPersonBP/Maps/FirstPersonExampleMap.FirstPersonExampleMap:PersistentLevel.ModelComponent_2 has elements that reference missing vertices. MaxVertex=11, NumVertices=0
[2018.12.11-11.03.04:442][102]LogModelComponent: Model /Game/FirstPersonBP/Maps/FirstPersonExampleMap.FirstPersonExampleMap:PersistentLevel.ModelComponent_2 has elements that reference missing vertices. MaxVertex=15, NumVertices=0
[2018.12.11-11.03.04:442][102]LogModelComponent: Model /Game/FirstPersonBP/Maps/FirstPersonExampleMap.FirstPersonExampleMap:PersistentLevel.ModelComponent_2 has elements that reference missing vertices. MaxVertex=19, NumVertices=0
[2018.12.11-11.03.04:442][102]LogModelComponent: Model /Game/FirstPersonBP/Maps/FirstPersonExampleMap.FirstPersonExampleMap:PersistentLevel.ModelComponent_2 has elements that reference missing vertices. MaxVertex=23, NumVertices=0
[2018.12.11-11.03.04:442][102]LogModelComponent: Model /Game/FirstPersonBP/Maps/FirstPersonExampleMap.FirstPersonExampleMap:PersistentLevel.ModelComponent_2 has elements that reference missing vertices. MaxVertex=119, NumVertices=0
[2018.12.11-11.03.04:442][102]LogModelComponent: Model /Game/FirstPersonBP/Maps/FirstPersonExampleMap.FirstPersonExampleMap:PersistentLevel.ModelComponent_2 has elements that reference missing vertices. MaxVertex=123, NumVertices=0
[2018.12.11-11.03.04:442][102]LogModelComponent: Model /Game/FirstPersonBP/Maps/FirstPersonExampleMap.FirstPersonExampleMap:PersistentLevel.ModelComponent_2 has elements that reference missing vertices. MaxVertex=35, NumVertices=0
[2018.12.11-11.03.04:442][102]LogModelComponent: Model /Game/FirstPersonBP/Maps/FirstPersonExampleMap.FirstPersonExampleMap:PersistentLevel.ModelComponent_2 has elements that reference missing vertices. MaxVertex=135, NumVertices=0
[2018.12.11-11.03.04:442][102]LogModelComponent: Model /Game/FirstPersonBP/Maps/FirstPersonExampleMap.FirstPersonExampleMap:PersistentLevel.ModelComponent_2 has elements that reference missing vertices. MaxVertex=139, NumVertices=0
[2018.12.11-11.03.04:442][102]LogModelComponent: Model /Game/FirstPersonBP/Maps/FirstPersonExampleMap.FirstPersonExampleMap:PersistentLevel.ModelComponent_2 has elements that reference missing vertices. MaxVertex=39, NumVertices=0
[2018.12.11-11.03.04:442][102]LogModelComponent: Model /Game/FirstPersonBP/Maps/FirstPersonExampleMap.FirstPersonExampleMap:PersistentLevel.ModelComponent_2 has elements that reference missing vertices. MaxVertex=43, NumVertices=0
[2018.12.11-11.03.04:442][102]LogModelComponent: Model /Game/FirstPersonBP/Maps/FirstPersonExampleMap.FirstPersonExampleMap:PersistentLevel.ModelComponent_2 has elements that reference missing vertices. MaxVertex=47, NumVertices=0
[2018.12.11-11.03.04:442][102]LogModelComponent: Model /Game/FirstPersonBP/Maps/FirstPersonExampleMap.FirstPersonExampleMap:PersistentLevel.ModelComponent_2 has elements that reference missing vertices. MaxVertex=51, NumVertices=0
[2018.12.11-11.03.04:442][102]LogModelComponent: Model /Game/FirstPersonBP/Maps/FirstPersonExampleMap.FirstPersonExampleMap:PersistentLevel.ModelComponent_2 has elements that reference missing vertices. MaxVertex=55, NumVertices=0
[2018.12.11-11.03.04:442][102]LogModelComponent: Model /Game/FirstPersonBP/Maps/FirstPersonExampleMap.FirstPersonExampleMap:PersistentLevel.ModelComponent_2 has elements that reference missing vertices. MaxVertex=59, NumVertices=0
[2018.12.11-11.03.04:442][102]LogModelComponent: Model /Game/FirstPersonBP/Maps/FirstPersonExampleMap.FirstPersonExampleMap:PersistentLevel.ModelComponent_2 has elements that reference missing vertices. MaxVertex=63, NumVertices=0
[2018.12.11-11.03.04:442][102]LogModelComponent: Model /Game/FirstPersonBP/Maps/FirstPersonExampleMap.FirstPersonExampleMap:PersistentLevel.ModelComponent_2 has elements that reference missing vertices. MaxVertex=67, NumVertices=0
[2018.12.11-11.03.04:442][102]LogModelComponent: Model /Game/FirstPersonBP/Maps/FirstPersonExampleMap.FirstPersonExampleMap:PersistentLevel.ModelComponent_2 has elements that reference missing vertices. MaxVertex=71, NumVertices=0
[2018.12.11-11.03.04:442][102]LogModelComponent: Model /Game/FirstPersonBP/Maps/FirstPersonExampleMap.FirstPersonExampleMap:PersistentLevel.ModelComponent_2 has elements that reference missing vertices. MaxVertex=75, NumVertices=0
[2018.12.11-11.03.04:442][102]LogModelComponent: Model /Game/FirstPersonBP/Maps/FirstPersonExampleMap.FirstPersonExampleMap:PersistentLevel.ModelComponent_2 has elements that reference missing vertices. MaxVertex=79, NumVertices=0
[2018.12.11-11.03.04:442][102]LogModelComponent: Model /Game/FirstPersonBP/Maps/FirstPersonExampleMap.FirstPersonExampleMap:PersistentLevel.ModelComponent_2 has elements that reference missing vertices. MaxVertex=83, NumVertices=0
[2018.12.11-11.03.04:442][102]LogModelComponent: Model /Game/FirstPersonBP/Maps/FirstPersonExampleMap.FirstPersonExampleMap:PersistentLevel.ModelComponent_2 has elements that reference missing vertices. MaxVertex=87, NumVertices=0
[2018.12.11-11.03.04:442][102]LogModelComponent: Model /Game/FirstPersonBP/Maps/FirstPersonExampleMap.FirstPersonExampleMap:PersistentLevel.ModelComponent_2 has elements that reference missing vertices. MaxVertex=91, NumVertices=0
[2018.12.11-11.03.04:442][102]LogModelComponent: Model /Game/FirstPersonBP/Maps/FirstPersonExampleMap.FirstPersonExampleMap:PersistentLevel.ModelComponent_2 has elements that reference missing vertices. MaxVertex=95, NumVertices=0
[2018.12.11-11.03.04:442][102]LogModelComponent: Model /Game/FirstPersonBP/Maps/FirstPersonExampleMap.FirstPersonExampleMap:PersistentLevel.ModelComponent_2 has elements that reference missing vertices. MaxVertex=99, NumVertices=0
[2018.12.11-11.03.04:442][102]LogModelComponent: Model /Game/FirstPersonBP/Maps/FirstPersonExampleMap.FirstPersonExampleMap:PersistentLevel.ModelComponent_2 has elements that reference missing vertices. MaxVertex=103, NumVertices=0
[2018.12.11-11.03.04:442][102]LogModelComponent: Model /Game/FirstPersonBP/Maps/FirstPersonExampleMap.FirstPersonExampleMap:PersistentLevel.ModelComponent_2 has elements that reference missing vertices. MaxVertex=107, NumVertices=0
[2018.12.11-11.03.04:442][102]LogModelComponent: Model /Game/FirstPersonBP/Maps/FirstPersonExampleMap.FirstPersonExampleMap:PersistentLevel.ModelComponent_2 has elements that reference missing vertices. MaxVertex=111, NumVertices=0
[2018.12.11-11.03.04:442][102]LogModelComponent: Model /Game/FirstPersonBP/Maps/FirstPersonExampleMap.FirstPersonExampleMap:PersistentLevel.ModelComponent_2 has elements that reference missing vertices. MaxVertex=115, NumVertices=0
[2018.12.11-11.03.04:442][102]LogModelComponent: Model /Game/FirstPersonBP/Maps/FirstPersonExampleMap.FirstPersonExampleMap:PersistentLevel.ModelComponent_2 has elements that reference missing vertices. MaxVertex=127, NumVertices=0
[2018.12.11-11.03.04:442][102]LogModelComponent: Model /Game/FirstPersonBP/Maps/FirstPersonExampleMap.FirstPersonExampleMap:PersistentLevel.ModelComponent_2 has elements that reference missing vertices. MaxVertex=131, NumVertices=0
[2018.12.11-11.03.04:442][102]LogModelComponent: Model /Game/FirstPersonBP/Maps/FirstPersonExampleMap.FirstPersonExampleMap:PersistentLevel.ModelComponent_2 has elements that reference missing vertices. MaxVertex=143, NumVertices=0
[2018.12.11-11.03.04:442][102]LogModelComponent: Model /Game/FirstPersonBP/Maps/FirstPersonExampleMap.FirstPersonExampleMap:PersistentLevel.ModelComponent_2 has elements that reference missing vertices. MaxVertex=147, NumVertices=0
[2018.12.11-11.03.04:442][102]LogModelComponent: Model /Game/FirstPersonBP/Maps/FirstPersonExampleMap.FirstPersonExampleMap:PersistentLevel.ModelComponent_2 has elements that reference missing vertices. MaxVertex=151, NumVertices=0
[2018.12.11-11.03.04:442][102]LogModelComponent: Model /Game/FirstPersonBP/Maps/FirstPersonExampleMap.FirstPersonExampleMap:PersistentLevel.ModelComponent_3 has elements that reference missing vertices. MaxVertex=27, NumVertices=0
[2018.12.11-11.03.04:442][102]LogModelComponent: Model /Game/FirstPersonBP/Maps/FirstPersonExampleMap.FirstPersonExampleMap:PersistentLevel.ModelComponent_3 has elements that reference missing vertices. MaxVertex=31, NumVertices=0
[2018.12.11-11.03.04:447][102]LogAIModule: Creating AISystem for world FirstPersonExampleMap
[2018.12.11-11.03.04:447][102]LogLoad: Game class is 'FirstPersonGameMode_C'
[2018.12.11-11.03.04:456][102]LogWorld: Bringing World /Game/FirstPersonBP/Maps/FirstPersonExampleMap.FirstPersonExampleMap up for play (max tick rate 0) at 2018.12.11-09.03.04
[2018.12.11-11.03.04:505][102]LogWorld: Bringing up level for play took: 0.057186
[2018.12.11-11.03.04:507][102]LogGameMode: FindPlayerStart: PATHS NOT DEFINED or NO PLAYERSTART with positive rating
[2018.12.11-11.03.04:508][102]LogUMG: Display: Widget Class HUD_C - Loaded Fast Template.
[2018.12.11-11.03.04:563][102]LogSlate: Took 0.038216 seconds to synchronously load lazily loaded font '../../../Engine/Content/EngineFonts/Faces/RobotoRegular.ufont' (155K)
[2018.12.11-11.03.04:567][102]LogLoad: Took 0.888935 seconds to LoadMap(/Game/FirstPersonBP/Maps/FirstPersonExampleMap)
[2018.12.11-11.03.13:014][609]LogUMG: Display: Widget Class Pause_C - Loaded Fast Template.
[2018.12.11-11.03.13:789][657]LogSlate: FSceneViewport::OnFocusLost() reason 0
[2018.12.11-11.03.13:885][663]Closing by request
[2018.12.11-11.03.13:885][663]LogWindows: FPlatformMisc::RequestExit(0)
[2018.12.11-11.03.14:304][664]LogSlate: Request Window 'Andre (64-bit Development PCD3D_SM5) ' being destroyed
[2018.12.11-11.03.14:338][664]LogSlate: Window 'Andre (64-bit Development PCD3D_SM5) ' being destroyed
[2018.12.11-11.03.14:352][664]LogSlate: Slate User Destroyed.  User Index 0, Is Virtual User: 0
[2018.12.11-11.03.14:353][664]LogExit: Preparing to exit.
[2018.12.11-11.03.14:353][664]LogMoviePlayer: Shutting down movie player
[2018.12.11-11.03.14:378][664]LogSlate: Updating window title bar state: overlay mode, drag disabled, window buttons hidden, title bar hidden
[2018.12.11-11.03.14:382][664]LogExit: Game engine shut down
[2018.12.11-11.03.14:495][664]LogExit: Object subsystem successfully closed.
[2018.12.11-11.03.14:542][664]LogD3D11RHI: Shutdown
[2018.12.11-11.03.14:542][664]LogD3D11RHI: CleanupD3DDevice
[2018.12.11-11.03.14:545][664]LogD3D11RHI: ~FD3D11DynamicRHI
[2018.12.11-11.03.14:545][664]LogModuleManager: Shutting down and abandoning module AutomationController (186)
[2018.12.11-11.03.14:545][664]LogModuleManager: Shutting down and abandoning module AutomationWorker (184)
[2018.12.11-11.03.14:545][664]LogModuleManager: Shutting down and abandoning module Voice (182)
[2018.12.11-11.03.14:545][664]LogModuleManager: Shutting down and abandoning module AIModule (180)
[2018.12.11-11.03.14:545][664]LogModuleManager: Shutting down and abandoning module GameplayDebugger (179)
[2018.12.11-11.03.14:545][664]LogModuleManager: Shutting down and abandoning module NavigationSystem (177)
[2018.12.11-11.03.14:545][664]LogModuleManager: Shutting down and abandoning module WmfMediaFactory (174)
[2018.12.11-11.03.14:545][664]LogModuleManager: Shutting down and abandoning module OpenExrWrapper (172)
[2018.12.11-11.03.14:545][664]LogModuleManager: Shutting down and abandoning module ImgMediaFactory (170)
[2018.12.11-11.03.14:545][664]LogModuleManager: Shutting down and abandoning module AvfMediaFactory (168)
[2018.12.11-11.03.14:545][664]LogModuleManager: Shutting down and abandoning module CharacterAI (166)
[2018.12.11-11.03.14:545][664]LogModuleManager: Shutting down and abandoning module SessionServices (164)
[2018.12.11-11.03.14:545][664]LogModuleManager: Shutting down and abandoning module MovieSceneTracks (162)
[2018.12.11-11.03.14:545][664]LogModuleManager: Shutting down and abandoning module MovieScene (160)
[2018.12.11-11.03.14:545][664]LogModuleManager: Shutting down and abandoning module StreamingPauseRendering (158)
[2018.12.11-11.03.14:545][664]LogModuleManager: Shutting down and abandoning module ProfilerService (156)
[2018.12.11-11.03.14:725][664]LogModuleManager: Shutting down and abandoning module TaskGraph (154)
[2018.12.11-11.03.14:726][664]LogModuleManager: Shutting down and abandoning module SteamVRController (152)
[2018.12.11-11.03.14:726][664]LogModuleManager: Shutting down and abandoning module ProceduralMeshComponent (150)
[2018.12.11-11.03.14:726][664]LogModuleManager: Shutting down and abandoning module OculusInput (148)
[2018.12.11-11.03.14:726][664]LogModuleManager: Shutting down and abandoning module MobilePatchingUtils (146)
[2018.12.11-11.03.14:726][664]LogModuleManager: Shutting down and abandoning module CustomMeshComponent (144)
[2018.12.11-11.03.14:726][664]LogModuleManager: Shutting down and abandoning module CableComponent (142)
[2018.12.11-11.03.14:726][664]LogModuleManager: Shutting down and abandoning module AudioCapture (140)
[2018.12.11-11.03.14:726][664]LogModuleManager: Shutting down and abandoning module ArchVisCharacter (138)
[2018.12.11-11.03.14:726][664]LogModuleManager: Shutting down and abandoning module AndroidPermission (136)
[2018.12.11-11.03.14:726][664]LogModuleManager: Shutting down and abandoning module MediaCompositing (134)
[2018.12.11-11.03.14:726][664]LogModuleManager: Shutting down and abandoning module LinearTimecode (132)
[2018.12.11-11.03.14:726][664]LogModuleManager: Shutting down and abandoning module ImgMedia (130)
[2018.12.11-11.03.14:726][664]LogModuleManager: Shutting down and abandoning module HTML5Networking (128)
[2018.12.11-11.03.14:726][664]LogModuleManager: Shutting down and abandoning module BackChannel (126)
[2018.12.11-11.03.14:726][664]LogModuleManager: Shutting down and abandoning module AppleVision (124)
[2018.12.11-11.03.14:726][664]LogModuleManager: Shutting down and abandoning module AppleImageUtils (122)
[2018.12.11-11.03.14:726][664]LogModuleManager: Shutting down and abandoning module GeometryCacheTracks (120)
[2018.12.11-11.03.14:727][664]LogModuleManager: Shutting down and abandoning module GeometryCache (118)
[2018.12.11-11.03.14:727][664]LogModuleManager: Shutting down and abandoning module DatasmithContent (116)
[2018.12.11-11.03.14:727][664]LogModuleManager: Shutting down and abandoning module EditableMesh (114)
[2018.12.11-11.03.14:727][664]LogModuleManager: Shutting down and abandoning module RuntimePhysXCooking (112)
[2018.12.11-11.03.14:727][664]LogModuleManager: Shutting down and abandoning module PhysXVehicles (110)
[2018.12.11-11.03.14:727][664]LogModuleManager: Shutting down and abandoning module LocationServicesBPLibrary (108)
[2018.12.11-11.03.14:727][664]LogModuleManager: Shutting down and abandoning module ImmediatePhysics (106)
[2018.12.11-11.03.14:727][664]LogModuleManager: Shutting down and abandoning module ActorSequence (104)
[2018.12.11-11.03.14:727][664]LogModuleManager: Shutting down and abandoning module UdpMessaging (102)
[2018.12.11-11.03.14:727][664]LogModuleManager: Shutting down and abandoning module TcpMessaging (100)
[2018.12.11-11.03.14:727][664]LogModuleManager: Shutting down and abandoning module FacialAnimation (98)
[2018.12.11-11.03.14:727][664]LogModuleManager: Shutting down and abandoning module LightPropagationVolumeRuntime (96)
[2018.12.11-11.03.14:727][664]LogModuleManager: Shutting down and abandoning module AISupportModule (94)
[2018.12.11-11.03.14:727][664]LogModuleManager: Shutting down and abandoning module Paper2D (92)
[2018.12.11-11.03.14:727][664]LogModuleManager: Shutting down and abandoning module WindowsMoviePlayer (90)
[2018.12.11-11.03.14:727][664]LogModuleManager: Shutting down and abandoning module WmfMedia (88)
[2018.12.11-11.03.14:727][664]LogModuleManager: Shutting down and abandoning module Media (87)
[2018.12.11-11.03.14:732][664]LogModuleManager: Shutting down and abandoning module PacketHandler (84)
[2018.12.11-11.03.14:732][664]LogModuleManager: Shutting down and abandoning module ClothingSystemRuntime (82)
[2018.12.11-11.03.14:732][664]LogModuleManager: Shutting down and abandoning module MediaAssets (80)
[2018.12.11-11.03.14:732][664]LogModuleManager: Shutting down and abandoning module Overlay (78)
[2018.12.11-11.03.14:732][664]LogModuleManager: Shutting down and abandoning module UMG (76)
[2018.12.11-11.03.14:732][664]LogModuleManager: Shutting down and abandoning module SlateReflector (74)
[2018.12.11-11.03.14:737][664]LogModuleManager: Shutting down and abandoning module Slate (72)
[2018.12.11-11.03.14:737][664]LogModuleManager: Shutting down and abandoning module MRMesh (70)
[2018.12.11-11.03.14:737][664]LogModuleManager: Shutting down and abandoning module Messaging (68)
[2018.12.11-11.03.14:737][664]LogModuleManager: Shutting down and abandoning module HeadMountedDisplay (66)
[2018.12.11-11.03.14:737][664]LogModuleManager: Shutting down and abandoning module XAudio2 (64)
[2018.12.11-11.03.14:738][664]LogModuleManager: Shutting down and abandoning module Networking (62)
[2018.12.11-11.03.14:738][664]LogModuleManager: Shutting down and abandoning module Core (60)
[2018.12.11-11.03.14:738][664]LogModuleManager: Shutting down and abandoning module LevelSequence (58)
[2018.12.11-11.03.14:738][664]LogModuleManager: Shutting down and abandoning module ImageWrapper (54)
[2018.12.11-11.03.14:738][664]LogModuleManager: Shutting down and abandoning module InputCore (52)
[2018.12.11-11.03.14:738][664]LogModuleManager: Shutting down and abandoning module PhysXCooking (50)
[2018.12.11-11.03.14:738][664]LogModuleManager: Shutting down and abandoning module SteamVR (48)
[2018.12.11-11.03.14:738][664]LogModuleManager: Shutting down and abandoning module OculusHMD (46)
[2018.12.11-11.03.14:738][664]LogModuleManager: Shutting down and abandoning module ExampleDeviceProfileSelector (44)
[2018.12.11-11.03.14:738][664]LogModuleManager: Shutting down and abandoning module LauncherChunkInstaller (42)
[2018.12.11-11.03.14:738][664]LogModuleManager: Shutting down and abandoning module OnlineSubsystem (38)
[2018.12.11-11.03.14:738][664]LogModuleManager: Shutting down and abandoning module HTTP (33)
[2018.12.11-11.03.14:780][664]LogModuleManager: Shutting down and abandoning module SSL (32)
[2018.12.11-11.03.14:780][664]LogModuleManager: Shutting down and abandoning module ShaderCore (28)
[2018.12.11-11.03.14:780][664]LogModuleManager: Shutting down and abandoning module Landscape (26)
[2018.12.11-11.03.14:780][664]LogModuleManager: Shutting down and abandoning module SlateRHIRenderer (24)
[2018.12.11-11.03.14:793][664]LogModuleManager: Shutting down and abandoning module OpenGLDrv (22)
[2018.12.11-11.03.14:793][664]LogModuleManager: Shutting down and abandoning module D3D11RHI (20)
[2018.12.11-11.03.14:793][664]LogModuleManager: Shutting down and abandoning module AnimGraphRuntime (18)
[2018.12.11-11.03.14:793][664]LogModuleManager: Shutting down and abandoning module Renderer (16)
[2018.12.11-11.03.14:793][664]LogModuleManager: Shutting down and abandoning module Engine (14)
[2018.12.11-11.03.14:793][664]LogModuleManager: Shutting down and abandoning module CoreUObject (12)
[2018.12.11-11.03.14:793][664]LogModuleManager: Shutting down and abandoning module NetworkFile (10)
[2018.12.11-11.03.14:793][664]LogModuleManager: Shutting down and abandoning module CookedIterativeFile (8)
[2018.12.11-11.03.14:793][664]LogModuleManager: Shutting down and abandoning module StreamingFile (6)
[2018.12.11-11.03.14:793][664]LogModuleManager: Shutting down and abandoning module SandboxFile (4)
[2018.12.11-11.03.14:793][664]LogModuleManager: Shutting down and abandoning module PakFile (2)
[2018.12.11-11.03.14:796][664]LogExit: Exiting.
[2018.12.11-11.03.14:798][664]Log file closed, 12/11/18 09:03:14
